[  0%] Built target roscpp_generate_messages_lisp
[  0%] Built target roscpp_generate_messages_nodejs
[  0%] Built target roscpp_generate_messages_cpp
[  0%] Built target roscpp_generate_messages_py
[  0%] Built target roscpp_generate_messages_eus
[  0%] Built target rosgraph_msgs_generate_messages_eus
[  0%] Built target rosgraph_msgs_generate_messages_cpp
[ 14%] [34m[1mGenerating dynamic reconfigure files from cfg/DAVIS_ROS_Driver.cfg: /home/haoyang-22/project/ESVOnew/devel/include/davis_ros_driver/DAVIS_ROS_DriverConfig.h /home/haoyang-22/project/ESVOnew/devel/lib/python3/dist-packages/davis_ros_driver/cfg/DAVIS_ROS_DriverConfig.py[0m
[ 14%] Built target rosgraph_msgs_generate_messages_lisp
[ 14%] Built target rosgraph_msgs_generate_messages_nodejs
[ 14%] Built target rosgraph_msgs_generate_messages_py
[ 14%] Built target std_msgs_generate_messages_cpp
[ 14%] Built target std_msgs_generate_messages_eus
[ 14%] Built target std_msgs_generate_messages_lisp
[ 14%] Built target std_msgs_generate_messages_nodejs
[ 14%] Built target std_msgs_generate_messages_py
[ 14%] Built target dvs_msgs_generate_messages_cpp
[ 14%] Built target dvs_msgs_generate_messages_eus
[ 14%] Built target dvs_msgs_generate_messages_nodejs
[ 14%] Built target dvs_msgs_generate_messages_lisp
[ 14%] Built target sensor_msgs_generate_messages_cpp
[ 14%] Built target sensor_msgs_generate_messages_eus
[ 14%] Built target dvs_msgs_generate_messages_py
Generating reconfiguration files for DAVIS_ROS_Driver in davis_ros_driver
[ 14%] Built target sensor_msgs_generate_messages_nodejs
[ 14%] Built target sensor_msgs_generate_messages_lisp
Wrote header file in /home/haoyang-22/project/ESVOnew/devel/include/davis_ros_driver/DAVIS_ROS_DriverConfig.h
[ 14%] Built target sensor_msgs_generate_messages_py
[ 14%] Built target geometry_msgs_generate_messages_eus
[ 14%] Built target geometry_msgs_generate_messages_cpp
[ 14%] Built target geometry_msgs_generate_messages_lisp
[ 14%] Built target geometry_msgs_generate_messages_nodejs
[ 14%] Built target davis_ros_driver_gencfg
[ 14%] Built target geometry_msgs_generate_messages_py
[ 14%] Built target dynamic_reconfigure_generate_messages_cpp
[ 14%] Built target dynamic_reconfigure_generate_messages_eus
[ 14%] Built target dynamic_reconfigure_generate_messages_lisp
[ 14%] Built target dynamic_reconfigure_generate_messages_nodejs
[ 14%] Built target dynamic_reconfigure_generate_messages_py
[ 14%] Built target dynamic_reconfigure_gencfg
[ 14%] Built target nodelet_generate_messages_cpp
[ 14%] Built target nodelet_generate_messages_eus
[ 14%] Built target nodelet_generate_messages_lisp
[ 14%] Built target nodelet_generate_messages_nodejs
[ 14%] Built target nodelet_generate_messages_py
[ 14%] Built target bond_generate_messages_cpp
[ 14%] Built target bond_generate_messages_eus
[ 14%] Built target bond_generate_messages_lisp
[ 14%] Built target bond_generate_messages_nodejs
[ 14%] Built target bond_generate_messages_py
[ 28%] [32mBuilding CXX object CMakeFiles/davis_ros_driver.dir/src/driver_node.cpp.o[0m
[ 42%] [32mBuilding CXX object CMakeFiles/davis_ros_driver.dir/src/driver.cpp.o[0m
[ 57%] [32mBuilding CXX object CMakeFiles/davis_ros_driver_nodelet.dir/src/driver_nodelet.cpp.o[0m
In file included from [01m[K/usr/local/include/boost/bind.hpp:30[m[K,
                 from [01m[K/opt/ros/noetic/include/class_loader/class_loader.hpp:35[m[K,
                 from [01m[K/opt/ros/noetic/include/pluginlib/./class_list_macros.hpp:40[m[K,
                 from [01m[K/opt/ros/noetic/include/pluginlib/class_list_macros.h:35[m[K,
                 from [01m[K/home/haoyang-22/project/ESVOnew/src/rpg_dvs_ros/davis_ros_driver/src/driver_nodelet.cpp:3[m[K:
[01m[K/usr/local/include/boost/bind.hpp:36:1:[m[K [01;36m[Knote: [m[K‘[01m[K#pragma message: The practice of declaring the Bind placeholders (_1, _2, ...) in the global namespace is deprecated. Please use <boost/bind/bind.hpp> + using namespace boost::placeholders, or define BOOST_BIND_GLOBAL_PLACEHOLDERS to retain the current behavior.[m[K’
   36 | [01;36m[KBOOST_PRAGMA_MESSAGE[m[K(
      | [01;36m[K^~~~~~~~~~~~~~~~~~~~[m[K
In file included from [01m[K/usr/local/include/boost/smart_ptr/detail/sp_thread_sleep.hpp:22[m[K,
                 from [01m[K/usr/local/include/boost/smart_ptr/detail/yield_k.hpp:23[m[K,
                 from [01m[K/usr/local/include/boost/smart_ptr/detail/spinlock_gcc_atomic.hpp:14[m[K,
                 from [01m[K/usr/local/include/boost/smart_ptr/detail/spinlock.hpp:42[m[K,
                 from [01m[K/usr/local/include/boost/smart_ptr/detail/spinlock_pool.hpp:25[m[K,
                 from [01m[K/usr/local/include/boost/smart_ptr/shared_ptr.hpp:29[m[K,
                 from [01m[K/usr/local/include/boost/shared_ptr.hpp:17[m[K,
                 from [01m[K/opt/ros/noetic/include/ros/forwards.h:37[m[K,
                 from [01m[K/opt/ros/noetic/include/ros/common.h:37[m[K,
                 from [01m[K/opt/ros/noetic/include/ros/ros.h:43[m[K,
                 from [01m[K/home/haoyang-22/project/ESVOnew/src/rpg_dvs_ros/davis_ros_driver/include/davis_ros_driver/driver.h:5[m[K,
                 from [01m[K/home/haoyang-22/project/ESVOnew/src/rpg_dvs_ros/davis_ros_driver/src/driver.cpp:3[m[K:
[01m[K/usr/local/include/boost/bind.hpp:36:1:[m[K [01;36m[Knote: [m[K‘[01m[K#pragma message: The practice of declaring the Bind placeholders (_1, _2, ...) in the global namespace is deprecated. Please use <boost/bind/bind.hpp> + using namespace boost::placeholders, or define BOOST_BIND_GLOBAL_PLACEHOLDERS to retain the current behavior.[m[K’
   36 | [01;36m[KBOOST_PRAGMA_MESSAGE[m[K(
      | [01;36m[K^~~~~~~~~~~~~~~~~~~~[m[K
In file included from [01m[K/usr/local/include/boost/smart_ptr/detail/sp_thread_sleep.hpp:22[m[K,
                 from [01m[K/usr/local/include/boost/smart_ptr/detail/yield_k.hpp:23[m[K,
                 from [01m[K/usr/local/include/boost/smart_ptr/detail/spinlock_gcc_atomic.hpp:14[m[K,
                 from [01m[K/usr/local/include/boost/smart_ptr/detail/spinlock.hpp:42[m[K,
                 from [01m[K/usr/local/include/boost/smart_ptr/detail/spinlock_pool.hpp:25[m[K,
                 from [01m[K/usr/local/include/boost/smart_ptr/shared_ptr.hpp:29[m[K,
                 from [01m[K/usr/local/include/boost/shared_ptr.hpp:17[m[K,
                 from [01m[K/opt/ros/noetic/include/ros/forwards.h:37[m[K,
                 from [01m[K/opt/ros/noetic/include/ros/common.h:37[m[K,
                 from [01m[K/opt/ros/noetic/include/ros/ros.h:43[m[K,
                 from [01m[K/home/haoyang-22/project/ESVOnew/src/rpg_dvs_ros/davis_ros_driver/src/driver_node.cpp:3[m[K:
[01m[K/usr/local/include/boost/bind.hpp:36:1:[m[K [01;36m[Knote: [m[K‘[01m[K#pragma message: The practice of declaring the Bind placeholders (_1, _2, ...) in the global namespace is deprecated. Please use <boost/bind/bind.hpp> + using namespace boost::placeholders, or define BOOST_BIND_GLOBAL_PLACEHOLDERS to retain the current behavior.[m[K’
   36 | [01;36m[KBOOST_PRAGMA_MESSAGE[m[K(
      | [01;36m[K^~~~~~~~~~~~~~~~~~~~[m[K
[ 71%] [32mBuilding CXX object CMakeFiles/davis_ros_driver_nodelet.dir/src/driver.cpp.o[0m
In file included from [01m[K/usr/local/include/boost/smart_ptr/detail/sp_thread_sleep.hpp:22[m[K,
                 from [01m[K/usr/local/include/boost/smart_ptr/detail/yield_k.hpp:23[m[K,
                 from [01m[K/usr/local/include/boost/smart_ptr/detail/spinlock_gcc_atomic.hpp:14[m[K,
                 from [01m[K/usr/local/include/boost/smart_ptr/detail/spinlock.hpp:42[m[K,
                 from [01m[K/usr/local/include/boost/smart_ptr/detail/spinlock_pool.hpp:25[m[K,
                 from [01m[K/usr/local/include/boost/smart_ptr/shared_ptr.hpp:29[m[K,
                 from [01m[K/usr/local/include/boost/shared_ptr.hpp:17[m[K,
                 from [01m[K/opt/ros/noetic/include/ros/forwards.h:37[m[K,
                 from [01m[K/opt/ros/noetic/include/ros/common.h:37[m[K,
                 from [01m[K/opt/ros/noetic/include/ros/ros.h:43[m[K,
                 from [01m[K/home/haoyang-22/project/ESVOnew/src/rpg_dvs_ros/davis_ros_driver/include/davis_ros_driver/driver.h:5[m[K,
                 from [01m[K/home/haoyang-22/project/ESVOnew/src/rpg_dvs_ros/davis_ros_driver/src/driver.cpp:3[m[K:
[01m[K/usr/local/include/boost/bind.hpp:36:1:[m[K [01;36m[Knote: [m[K‘[01m[K#pragma message: The practice of declaring the Bind placeholders (_1, _2, ...) in the global namespace is deprecated. Please use <boost/bind/bind.hpp> + using namespace boost::placeholders, or define BOOST_BIND_GLOBAL_PLACEHOLDERS to retain the current behavior.[m[K’
   36 | [01;36m[KBOOST_PRAGMA_MESSAGE[m[K(
      | [01;36m[K^~~~~~~~~~~~~~~~~~~~[m[K
[ 85%] [32m[1mLinking CXX executable /home/haoyang-22/project/ESVOnew/devel/lib/davis_ros_driver/davis_ros_driver[0m
/usr/bin/ld: warning: libopencv_imgproc.so.4.2, needed by /usr/lib/x86_64-linux-gnu/libcaer.so.3.3.15, may conflict with libopencv_imgproc.so.3.4
/usr/bin/ld: warning: libopencv_core.so.4.2, needed by /usr/lib/x86_64-linux-gnu/libcaer.so.3.3.15, may conflict with libopencv_core.so.3.4
[ 85%] Built target davis_ros_driver
[100%] [32m[1mLinking CXX shared library /home/haoyang-22/project/ESVOnew/devel/lib/libdavis_ros_driver_nodelet.so[0m
[100%] Built target davis_ros_driver_nodelet
