In file included from [01m[K/usr/local/include/boost/smart_ptr/detail/sp_thread_sleep.hpp:22[m[K,
                 from [01m[K/usr/local/include/boost/smart_ptr/detail/yield_k.hpp:23[m[K,
                 from [01m[K/usr/local/include/boost/smart_ptr/detail/spinlock_gcc_atomic.hpp:14[m[K,
                 from [01m[K/usr/local/include/boost/smart_ptr/detail/spinlock.hpp:42[m[K,
                 from [01m[K/usr/local/include/boost/smart_ptr/detail/spinlock_pool.hpp:25[m[K,
                 from [01m[K/usr/local/include/boost/smart_ptr/shared_ptr.hpp:29[m[K,
                 from [01m[K/usr/local/include/boost/shared_ptr.hpp:17[m[K,
                 from [01m[K/opt/ros/noetic/include/ros/forwards.h:37[m[K,
                 from [01m[K/opt/ros/noetic/include/ros/common.h:37[m[K,
                 from [01m[K/opt/ros/noetic/include/ros/ros.h:43[m[K,
                 from [01m[K/home/haoyang-22/project/ESVO4mmWave/src/ESVO4mmWave/esvo_time_surface/include/esvo_time_surface/TimeSurface.h:4[m[K,
                 from [01m[K/home/haoyang-22/project/ESVO4mmWave/src/ESVO4mmWave/esvo_time_surface/src/TimeSurface.cpp:1[m[K:
[01m[K/usr/local/include/boost/bind.hpp:36:1:[m[K [01;36m[Knote: [m[K‘[01m[K#pragma message: The practice of declaring the Bind placeholders (_1, _2, ...) in the global namespace is deprecated. Please use <boost/bind/bind.hpp> + using namespace boost::placeholders, or define BOOST_BIND_GLOBAL_PLACEHOLDERS to retain the current behavior.[m[K’
   36 | [01;36m[KBOOST_PRAGMA_MESSAGE[m[K(
      | [01;36m[K^~~~~~~~~~~~~~~~~~~~[m[K
In file included from [01m[K/usr/local/include/boost/smart_ptr/detail/sp_thread_sleep.hpp:22[m[K,
                 from [01m[K/usr/local/include/boost/smart_ptr/detail/yield_k.hpp:23[m[K,
                 from [01m[K/usr/local/include/boost/smart_ptr/detail/spinlock_gcc_atomic.hpp:14[m[K,
                 from [01m[K/usr/local/include/boost/smart_ptr/detail/spinlock.hpp:42[m[K,
                 from [01m[K/usr/local/include/boost/smart_ptr/detail/spinlock_pool.hpp:25[m[K,
                 from [01m[K/usr/local/include/boost/smart_ptr/shared_ptr.hpp:29[m[K,
                 from [01m[K/usr/local/include/boost/shared_ptr.hpp:17[m[K,
                 from [01m[K/opt/ros/noetic/include/ros/forwards.h:37[m[K,
                 from [01m[K/opt/ros/noetic/include/ros/common.h:37[m[K,
                 from [01m[K/opt/ros/noetic/include/ros/ros.h:43[m[K,
                 from [01m[K/home/haoyang-22/project/ESVO4mmWave/src/ESVO4mmWave/esvo_time_surface/include/esvo_time_surface/TimeSurface.h:4[m[K,
                 from [01m[K/home/haoyang-22/project/ESVO4mmWave/src/ESVO4mmWave/esvo_time_surface/src/TimeSurface_node.cpp:1[m[K:
[01m[K/usr/local/include/boost/bind.hpp:36:1:[m[K [01;36m[Knote: [m[K‘[01m[K#pragma message: The practice of declaring the Bind placeholders (_1, _2, ...) in the global namespace is deprecated. Please use <boost/bind/bind.hpp> + using namespace boost::placeholders, or define BOOST_BIND_GLOBAL_PLACEHOLDERS to retain the current behavior.[m[K’
   36 | [01;36m[KBOOST_PRAGMA_MESSAGE[m[K(
      | [01;36m[K^~~~~~~~~~~~~~~~~~~~[m[K
/usr/bin/ld: warning: libopencv_imgcodecs.so.4.2, needed by /opt/ros/noetic/lib/libcv_bridge.so, may conflict with libopencv_imgcodecs.so.406
/usr/bin/ld: warning: libopencv_features2d.so.4.2, needed by /usr/lib/x86_64-linux-gnu/libopencv_calib3d.so.4.2.0, may conflict with libopencv_features2d.so.406
/usr/bin/ld: warning: libopencv_imgproc.so.406, needed by /usr/local/lib/libopencv_imgcodecs.so.4.6.0, may conflict with libopencv_imgproc.so.4.2
/usr/bin/ld: warning: libopencv_core.so.406, needed by /usr/local/lib/libopencv_imgcodecs.so.4.6.0, may conflict with libopencv_core.so.4.2
