Performing C SOURCE FILE Test CMAKE_HAVE_LIBC_PTHREAD failed with the following output:
Change Dir: /home/haoyang-22/project/ESVO4mmWave/build/eigen_catkin/CMakeFiles/CMakeTmp

Run Build Command(s):/usr/bin/make -f Makefile cmTC_855bb/fast && /usr/bin/make  -f CMakeFiles/cmTC_855bb.dir/build.make CMakeFiles/cmTC_855bb.dir/build
make[1]: 进入目录“/home/haoyang-22/project/ESVO4mmWave/build/eigen_catkin/CMakeFiles/CMakeTmp”
Building C object CMakeFiles/cmTC_855bb.dir/src.c.o
/usr/bin/cc -DCMAKE_HAVE_LIBC_PTHREAD   -o CMakeFiles/cmTC_855bb.dir/src.c.o -c /home/haoyang-22/project/ESVO4mmWave/build/eigen_catkin/CMakeFiles/CMakeTmp/src.c
Linking C executable cmTC_855bb
/usr/bin/cmake -E cmake_link_script CMakeFiles/cmTC_855bb.dir/link.txt --verbose=1
/usr/bin/cc -rdynamic CMakeFiles/cmTC_855bb.dir/src.c.o -o cmTC_855bb 
/usr/bin/ld: CMakeFiles/cmTC_855bb.dir/src.c.o: in function `main':
src.c:(.text+0x46): undefined reference to `pthread_create'
/usr/bin/ld: src.c:(.text+0x52): undefined reference to `pthread_detach'
/usr/bin/ld: src.c:(.text+0x5e): undefined reference to `pthread_cancel'
/usr/bin/ld: src.c:(.text+0x6f): undefined reference to `pthread_join'
collect2: error: ld returned 1 exit status
make[1]: *** [CMakeFiles/cmTC_855bb.dir/build.make:99：cmTC_855bb] 错误 1
make[1]: 离开目录“/home/haoyang-22/project/ESVO4mmWave/build/eigen_catkin/CMakeFiles/CMakeTmp”
make: *** [Makefile:127：cmTC_855bb/fast] 错误 2


Source file was:
#include <pthread.h>

static void* test_func(void* data)
{
  return data;
}

int main(void)
{
  pthread_t thread;
  pthread_create(&thread, NULL, test_func, NULL);
  pthread_detach(thread);
  pthread_cancel(thread);
  pthread_join(thread, NULL);
  pthread_atfork(NULL, NULL, NULL);
  pthread_exit(NULL);

  return 0;
}

Determining if the function pthread_create exists in the pthreads failed with the following output:
Change Dir: /home/haoyang-22/project/ESVO4mmWave/build/eigen_catkin/CMakeFiles/CMakeTmp

Run Build Command(s):/usr/bin/make -f Makefile cmTC_38463/fast && /usr/bin/make  -f CMakeFiles/cmTC_38463.dir/build.make CMakeFiles/cmTC_38463.dir/build
make[1]: 进入目录“/home/haoyang-22/project/ESVO4mmWave/build/eigen_catkin/CMakeFiles/CMakeTmp”
Building C object CMakeFiles/cmTC_38463.dir/CheckFunctionExists.c.o
/usr/bin/cc   -DCHECK_FUNCTION_EXISTS=pthread_create -o CMakeFiles/cmTC_38463.dir/CheckFunctionExists.c.o -c /usr/share/cmake-3.22/Modules/CheckFunctionExists.c
Linking C executable cmTC_38463
/usr/bin/cmake -E cmake_link_script CMakeFiles/cmTC_38463.dir/link.txt --verbose=1
/usr/bin/cc  -DCHECK_FUNCTION_EXISTS=pthread_create -rdynamic CMakeFiles/cmTC_38463.dir/CheckFunctionExists.c.o -o cmTC_38463  -lpthreads 
/usr/bin/ld: 找不到 -lpthreads
collect2: error: ld returned 1 exit status
make[1]: *** [CMakeFiles/cmTC_38463.dir/build.make:99：cmTC_38463] 错误 1
make[1]: 离开目录“/home/haoyang-22/project/ESVO4mmWave/build/eigen_catkin/CMakeFiles/CMakeTmp”
make: *** [Makefile:127：cmTC_38463/fast] 错误 2



